<?xml version="1.0" encoding="UTF-8"?>
<testsuite xmlns:xsi="http://www.w3.org/2001/XMLSchema-instance" xsi:noNamespaceSchemaLocation="https://maven.apache.org/surefire/maven-surefire-plugin/xsd/surefire-test-report-3.0.xsd" version="3.0" name="dev.nickowen.deploy_test.DeployTestApplicationTests" time="6.118" tests="1" errors="0" skipped="0" failures="0">
  <properties>
[...]
</properties>
  <testcase name="contextLoads" classname="dev.nickowen.deploy_test.DeployTestApplicationTests" time="1.816">
    <system-out><![CDATA[11:43:09.354 [main] INFO org.springframework.test.context.support.AnnotationConfigContextLoaderUtils -- Could not detect default configuration classes for test class [dev.nickowen.deploy_test.DeployTestApplicationTests]: DeployTestApplicationTests does not declare any static, non-private, non-final, nested classes annotated with @Configuration.
11:43:09.569 [main] INFO org.springframework.boot.test.context.SpringBootTestContextBootstrapper -- Found @SpringBootConfiguration dev.nickowen.deploy_test.DeployTestApplication for test class dev.nickowen.deploy_test.DeployTestApplicationTests
11:43:09.978 [main] INFO org.springframework.boot.devtools.restart.RestartApplicationListener -- Restart disabled due to context in which it is running

  .   ____          _            __ _ _
 /\\ / ___'_ __ _ _(_)_ __  __ _ \ \ \ \
( ( )\___ | '_ | '_| | '_ \/ _` | \ \ \ \
 \\/  ___)| |_)| | | | | || (_| |  ) ) ) )
  '  |____| .__|_| |_|_| |_\__, | / / / /
 =========|_|==============|___/=/_/_/_/

 :: Spring Boot ::                (v3.3.5)

2024-11-08T11:43:10.585-06:00  INFO 11704 --- [deploy-test] [           main] d.n.d.DeployTestApplicationTests         : Starting DeployTestApplicationTests using Java 17.0.8 with PID 11704 (started by Nicko in C:\Users\Owner\Desktop\Development\Dev Work\The_Hobby_Lobby--Cloud_Workspace\deploy-test)
2024-11-08T11:43:10.587-06:00  INFO 11704 --- [deploy-test] [           main] d.n.d.DeployTestApplicationTests         : No active profile set, falling back to 1 default profile: "default"
2024-11-08T11:43:13.351-06:00  INFO 11704 --- [deploy-test] [           main] d.n.d.DeployTestApplicationTests         : Started DeployTestApplicationTests in 3.403 seconds (process running for 5.164)
]]></system-out>
  </testcase>
</testsuite>